<?xml version="1.0" encoding="UTF-8"?>
<testng-results ignored="0" total="2" passed="2" failed="0" skipped="0">
  <reporter-output>
  </reporter-output>
  <suite started-at="2021-10-29T11:56:57 IST" name="Suite" finished-at="2021-10-29T11:57:27 IST" duration-ms="29285">
    <groups>
    </groups>
    <test started-at="2021-10-29T11:56:57 IST" name="Test" finished-at="2021-10-29T11:57:13 IST" duration-ms="15597">
      <class name="testNg.CrossBrowser">
        <test-method signature="cross(java.lang.String)[pri:0, instance:testNg.CrossBrowser@3cc2931c]" started-at="2021-10-29T11:56:57 IST" name="cross" finished-at="2021-10-29T11:57:13 IST" duration-ms="15505" status="PASS">
          <params>
            <param index="0">
              <value>
                <![CDATA[chrome]]>
              </value>
            </param>
          </params>
          <reporter-output>
          </reporter-output>
        </test-method> <!-- cross -->
      </class> <!-- testNg.CrossBrowser -->
    </test> <!-- Test -->
    <test started-at="2021-10-29T11:56:57 IST" name="Test1" finished-at="2021-10-29T11:57:27 IST" duration-ms="29285">
      <class name="testNg.CrossBrowser">
        <test-method signature="cross(java.lang.String)[pri:0, instance:testNg.CrossBrowser@7a69b07]" started-at="2021-10-29T11:56:57 IST" name="cross" finished-at="2021-10-29T11:57:27 IST" duration-ms="29198" status="PASS">
          <params>
            <param index="0">
              <value>
                <![CDATA[firefox]]>
              </value>
            </param>
          </params>
          <reporter-output>
          </reporter-output>
        </test-method> <!-- cross -->
      </class> <!-- testNg.CrossBrowser -->
    </test> <!-- Test1 -->
  </suite> <!-- Suite -->
</testng-results>
